********************************************************************************
DUPLICATOR-LITE PACKAGE-LOG: November 8, 2018 11:59 pm
NOTICE: Do NOT post to public sites or forums 
********************************************************************************
VERSION:	1.2.52
WORDPRESS:	4.9.8
PHP INFO:	7.0.22 | SAPI: apache2handler
SERVER:		Apache/2.2.32 (Unix) mod_wsgi/3.5 Python/2.7.13 PHP/7.0.22 mod_ssl/2.2.32 OpenSSL/1.0.2j DAV/2 mod_fastcgi/2.4.6 mod_perl/2.0.9 Perl/v5.24.0 
PHP TIME LIMIT: (0) no time limit imposed 
PHP MAX MEMORY: 2048M (128M default) 
MEMORY STACK: 14MB 

********************************************************************************
DATABASE:
********************************************************************************
BUILD MODE:   PHP(query limit - 100)
MYSQLTIMEOUT: 5000
MYSQLDUMP:    Is Supported 
TABLES: total:13 | filtered:0 | create:13 
FILTERED: [] 
SQL CREATED: 20181107_gildr_8437ca4674c530e53015_20181108235926_database.sql 
SQL FILE SIZE: 770.3KB (788785) 
SQL FILE TIME: 2018-11-08 23:59:30 
SQL RUNTIME: 0.43 sec. 

******************************************************************************** 
ARCHIVE (ZIP): 
******************************************************************************** 
ARCHIVE DIR:  /Users/bijanalbrecht/Desktop/PROJECTS/insivika/clients/Gildr/gildr 
ARCHIVE FILE: 20181107_gildr_8437ca4674c530e53015_20181108235926_archive.zip 
FILTERS: *OFF* 
DIRS:
	not set 
FILES:
	not set 
EXTS:  not set 
---------------------------------------- 
COMPRESSING 
SIZE:	122.76MB 
STATS:	Dirs 243 | Files 2,116 
SQL ADDED: 20181107_gildr_8437ca4674c530e53015_20181108235926_database.sql 
ZipArchive Object
(
    [status] => 0
    [statusSys] => 0
    [numFiles] => 2359
    [filename] => /Users/bijanalbrecht/Desktop/PROJECTS/insivika/clients/Gildr/gildr/wp-snapshots/tmp/20181107_gildr_8437ca4674c530e53015_20181108235926_archive.zip
    [comment] => 
)
 
COMPRESSION RESULT: '1' 
COMPRESSED SIZE: 97.88MB 
ARCHIVE RUNTIME: 12.06 sec. 
MEMORY STACK: 16MB 

******************************************************************************** 
MAKE INSTALLER: 
******************************************************************************** 
Build Start 
Build Finished 
Preparing for use 
PACK SIZE:  
Template parsed with new data 
Complete [/Users/bijanalbrecht/Desktop/PROJECTS/insivika/clients/Gildr/gildr/wp-snapshots/tmp/20181107_gildr_8437ca4674c530e53015_20181108235926_installer.php] 
Added to archive 

******************************************************************************** 
INTEGRITY CHECKS: 
******************************************************************************** 
SQL File: 770.3KB 
Installer File: 514.17KB 
Archive File: 97.88MB  

********************************************************************************
RECORD ID:[4]
TOTAL PROCESS RUNTIME: 13.55 sec.
PEAK PHP MEMORY USED: 18MB
DONE PROCESSING => 20181107_gildr November 8, 2018 11:59 pm
 
