********************************************************************************
DUPLICATOR-LITE PACKAGE-LOG: November 9, 2018 2:12 am
NOTICE: Do NOT post to public sites or forums 
********************************************************************************
VERSION:	1.2.52
WORDPRESS:	4.9.8
PHP INFO:	7.0.22 | SAPI: apache2handler
SERVER:		Apache/2.2.32 (Unix) mod_wsgi/3.5 Python/2.7.13 PHP/7.0.22 mod_ssl/2.2.32 OpenSSL/1.0.2j DAV/2 mod_fastcgi/2.4.6 mod_perl/2.0.9 Perl/v5.24.0 
PHP TIME LIMIT: (0) no time limit imposed 
PHP MAX MEMORY: 2048M (128M default) 
MEMORY STACK: 4MB 

********************************************************************************
DATABASE:
********************************************************************************
BUILD MODE:   PHP(query limit - 100)
MYSQLTIMEOUT: 5000
MYSQLDUMP:    Is Supported 
TABLES: total:13 | filtered:0 | create:13 
FILTERED: [] 
SQL CREATED: 20181107_gildr_68222ae633b5a9582019_20181109021227_database.sql 
SQL FILE SIZE: 804.25KB (823551) 
SQL FILE TIME: 2018-11-09 02:12:31 
SQL RUNTIME: 0.64 sec. 

******************************************************************************** 
ARCHIVE (ZIP): 
******************************************************************************** 
ARCHIVE DIR:  /Users/bijanalbrecht/Desktop/PROJECTS/insivika/clients/Gildr/gildr 
ARCHIVE FILE: 20181107_gildr_68222ae633b5a9582019_20181109021227_archive.zip 
FILTERS: *OFF* 
DIRS:
	not set 
FILES:
	not set 
EXTS:  not set 
---------------------------------------- 
COMPRESSING 
SIZE:	122.84MB 
STATS:	Dirs 251 | Files 2,156 
SQL ADDED: 20181107_gildr_68222ae633b5a9582019_20181109021227_database.sql 
ZipArchive Object
(
    [status] => 0
    [statusSys] => 0
    [numFiles] => 2407
    [filename] => /Users/bijanalbrecht/Desktop/PROJECTS/insivika/clients/Gildr/gildr/wp-snapshots/tmp/20181107_gildr_68222ae633b5a9582019_20181109021227_archive.zip
    [comment] => 
)
 
COMPRESSION RESULT: '1' 
COMPRESSED SIZE: 97.92MB 
ARCHIVE RUNTIME: 16.69 sec. 
MEMORY STACK: 4MB 

******************************************************************************** 
MAKE INSTALLER: 
******************************************************************************** 
Build Start 
Build Finished 
Preparing for use 
PACK SIZE:  
Template parsed with new data 
Complete [/Users/bijanalbrecht/Desktop/PROJECTS/insivika/clients/Gildr/gildr/wp-snapshots/tmp/20181107_gildr_68222ae633b5a9582019_20181109021227_installer.php] 
Added to archive 

******************************************************************************** 
INTEGRITY CHECKS: 
******************************************************************************** 
SQL File: 804.25KB 
Installer File: 514.17KB 
Archive File: 97.92MB  

********************************************************************************
RECORD ID:[6]
TOTAL PROCESS RUNTIME: 18.94 sec.
PEAK PHP MEMORY USED: 6MB
DONE PROCESSING => 20181107_gildr November 9, 2018 2:12 am
 
